<?xml version="1.0" encoding="UTF-8"?>
<!-- Generated by org.testng.reporters.JUnitXMLReporter -->
<testsuite ignored="3" hostname="DESKTOP-E7FOCSH" failures="1" tests="2" name="Default test(failed)" time="136.044" errors="0" timestamp="2022-08-20T20:31:51 IST">
  <testcase classname="com.qa.Test.CartPageTest" name="TC007_verify_That_When_User_Clicks_On_Remove_Button_The_Item_Should_Be_Removed_From_Cart" time="22.067">
    <skipped/>
  </testcase> <!-- TC007_verify_That_When_User_Clicks_On_Remove_Button_The_Item_Should_Be_Removed_From_Cart -->
  <testcase classname="com.qa.Test.CartPageTest" name="TC007_verify_That_When_User_Clicks_On_Remove_Button_The_Item_Should_Be_Removed_From_Cart" time="10.065">
    <failure type="org.openqa.selenium.NoSuchElementException" message="no such element: Unable to locate element: {&amp;quot;method&amp;quot;:&amp;quot;xpath&amp;quot;,&amp;quot;selector&amp;quot;:&amp;quot;//input[@class=&amp;apos;_2IX_2- VJZDxU&amp;apos;]&amp;quot;}
  (Session info: chrome=104.0.5112.81)
For documentation on this error, please visit: https://selenium.dev/exceptions/#no_such_element
Build info: version: &amp;apos;4.3.0&amp;apos;, revision: &amp;apos;a4995e2c09*&amp;apos;
System info: host: &amp;apos;DESKTOP-E7FOCSH&amp;apos;, ip: &amp;apos;192.168.0.107&amp;apos;, os.name: &amp;apos;Windows 10&amp;apos;, os.arch: &amp;apos;amd64&amp;apos;, os.version: &amp;apos;10.0&amp;apos;, java.version: &amp;apos;17&amp;apos;
Driver info: org.openqa.selenium.chrome.ChromeDriver
Command: [f618bf0f330524b041e6adc1cbbe2150, findElement {using=xpath, value=//input[@class=&amp;apos;_2IX_2- VJZDxU&amp;apos;]}]
Capabilities {acceptInsecureCerts: false, browserName: chrome, browserVersion: 104.0.5112.81, chrome: {chromedriverVersion: 103.0.5060.134 (8ec6fce403b..., userDataDir: C:\Users\User\AppData\Local...}, goog:chromeOptions: {debuggerAddress: localhost:59518}, networkConnectionEnabled: false, pageLoadStrategy: normal, platformName: WINDOWS, proxy: Proxy(), se:cdp: ws://localhost:59518/devtoo..., se:cdpVersion: 104.0.5112.81, setWindowRect: true, strictFileInteractability: false, timeouts: {implicit: 0, pageLoad: 300000, script: 30000}, unhandledPromptBehavior: dismiss and notify, webauthn:extension:credBlob: true, webauthn:extension:largeBlob: true, webauthn:virtualAuthenticators: true}
Session ID: f618bf0f330524b041e6adc1cbbe2150">
      <![CDATA[org.openqa.selenium.NoSuchElementException: no such element: Unable to locate element: {"method":"xpath","selector":"//input[@class='_2IX_2- VJZDxU']"}
  (Session info: chrome=104.0.5112.81)
For documentation on this error, please visit: https://selenium.dev/exceptions/#no_such_element
Build info: version: '4.3.0', revision: 'a4995e2c09*'
System info: host: 'DESKTOP-E7FOCSH', ip: '192.168.0.107', os.name: 'Windows 10', os.arch: 'amd64', os.version: '10.0', java.version: '17'
Driver info: org.openqa.selenium.chrome.ChromeDriver
Command: [f618bf0f330524b041e6adc1cbbe2150, findElement {using=xpath, value=//input[@class='_2IX_2- VJZDxU']}]
Capabilities {acceptInsecureCerts: false, browserName: chrome, browserVersion: 104.0.5112.81, chrome: {chromedriverVersion: 103.0.5060.134 (8ec6fce403b..., userDataDir: C:\Users\User\AppData\Local...}, goog:chromeOptions: {debuggerAddress: localhost:59518}, networkConnectionEnabled: false, pageLoadStrategy: normal, platformName: WINDOWS, proxy: Proxy(), se:cdp: ws://localhost:59518/devtoo..., se:cdpVersion: 104.0.5112.81, setWindowRect: true, strictFileInteractability: false, timeouts: {implicit: 0, pageLoad: 300000, script: 30000}, unhandledPromptBehavior: dismiss and notify, webauthn:extension:credBlob: true, webauthn:extension:largeBlob: true, webauthn:virtualAuthenticators: true}
Session ID: f618bf0f330524b041e6adc1cbbe2150
at org.openqa.selenium.remote.codec.w3c.W3CHttpResponseCodec.createException(W3CHttpResponseCodec.java:200)
at org.openqa.selenium.remote.codec.w3c.W3CHttpResponseCodec.decode(W3CHttpResponseCodec.java:133)
at org.openqa.selenium.remote.codec.w3c.W3CHttpResponseCodec.decode(W3CHttpResponseCodec.java:53)
at org.openqa.selenium.remote.HttpCommandExecutor.execute(HttpCommandExecutor.java:184)
at org.openqa.selenium.remote.service.DriverCommandExecutor.invokeExecute(DriverCommandExecutor.java:167)
at org.openqa.selenium.remote.service.DriverCommandExecutor.execute(DriverCommandExecutor.java:142)
at org.openqa.selenium.remote.RemoteWebDriver.execute(RemoteWebDriver.java:569)
at org.openqa.selenium.remote.ElementLocation$ElementFinder$2.findElement(ElementLocation.java:162)
at org.openqa.selenium.remote.ElementLocation.findElement(ElementLocation.java:60)
at org.openqa.selenium.remote.RemoteWebDriver.findElement(RemoteWebDriver.java:387)
at org.openqa.selenium.remote.RemoteWebDriver.findElement(RemoteWebDriver.java:379)
at org.openqa.selenium.support.pagefactory.DefaultElementLocator.findElement(DefaultElementLocator.java:70)
at org.openqa.selenium.support.pagefactory.internal.LocatingElementHandler.invoke(LocatingElementHandler.java:39)
at jdk.proxy2/jdk.proxy2.$Proxy16.clear(Unknown Source)
at com.qa.Action.Action.text(Action.java:58)
at com.qa.Pages.HomePage.enter_Email_Mobile_number_TextBox(HomePage.java:68)
at com.qa.Test.CartPageTest.TC007_verify_That_When_User_Clicks_On_Remove_Button_The_Item_Should_Be_Removed_From_Cart(CartPageTest.java:90)
at java.base/java.util.ArrayList.forEach(ArrayList.java:1511)
... Removed 32 stack frames]]>
    </failure>
  </testcase> <!-- TC007_verify_That_When_User_Clicks_On_Remove_Button_The_Item_Should_Be_Removed_From_Cart -->
  <testcase classname="com.qa.Test.CartPageTest" name="TC001_verify_That_Item_Quantity_Should_Be_Increased_If_user_click_On_Increase_Button" time="0.0">
    <ignored/>
  </testcase> <!-- TC001_verify_That_Item_Quantity_Should_Be_Increased_If_user_click_On_Increase_Button -->
  <testcase classname="com.qa.Test.CartPageTest" name="verify_That_User_Should_Able_To_Ckick_On_Place_Order_Button_And_Redirect_On_Checkout_And_Payments_Page" time="0.0">
    <ignored/>
  </testcase> <!-- verify_That_User_Should_Able_To_Ckick_On_Place_Order_Button_And_Redirect_On_Checkout_And_Payments_Page -->
  <testcase classname="com.qa.Test.CartPageTest" name="TC002_verify_That_Total_Amount_Of_All_Items_Should_Be_displayed_to_user" time="0.0">
    <ignored/>
  </testcase> <!-- TC002_verify_That_Total_Amount_Of_All_Items_Should_Be_displayed_to_user -->
</testsuite> <!-- Default test(failed) -->
