<?xml version="1.0" encoding="UTF-8"?>
<!-- Generated by org.testng.reporters.JUnitXMLReporter -->
<testsuite ignored="2" hostname="DESKTOP-E7FOCSH" failures="1" tests="2" name="Default test" time="67.429" errors="0" timestamp="2022-08-25T14:47:52 IST">
  <testcase classname="com.qa.Test.ProductSpecificationPageTest" name="TC008_verify_That_When_User_Clicks_On_Buy_Now_button_Then_User_Land_On_Checkout_And_Payments_Page" time="22.313">
    <skipped/>
  </testcase> <!-- TC008_verify_That_When_User_Clicks_On_Buy_Now_button_Then_User_Land_On_Checkout_And_Payments_Page -->
  <testcase classname="com.qa.Test.ProductSpecificationPageTest" name="TC008_verify_That_When_User_Clicks_On_Buy_Now_button_Then_User_Land_On_Checkout_And_Payments_Page" time="20.981">
    <failure type="java.lang.AssertionError" message="The following asserts failed:
	expected [Flipkart.com: Secure Payment: Login &amp;gt; Select Shipping Address &amp;gt; Review Order &amp;gt; Place Order] but found [FTX Solid Men Round Neck Multicolor T-Shirt - Buy FTX Solid Men Round Neck Multicolor T-Shirt Online at Best Prices in India | Flipkart.com]">
      <![CDATA[java.lang.AssertionError: The following asserts failed:
expected [Flipkart.com: Secure Payment: Login > Select Shipping Address > Review Order > Place Order] but found [FTX Solid Men Round Neck Multicolor T-Shirt - Buy FTX Solid Men Round Neck Multicolor T-Shirt Online at Best Prices in India | Flipkart.com]
at org.testng.asserts.SoftAssert.assertAll(SoftAssert.java:47)
at org.testng.asserts.SoftAssert.assertAll(SoftAssert.java:31)
at com.qa.Test.ProductSpecificationPageTest.TC008_verify_That_When_User_Clicks_On_Buy_Now_button_Then_User_Land_On_Checkout_And_Payments_Page(ProductSpecificationPageTest.java:103)
at java.base/jdk.internal.reflect.NativeMethodAccessorImpl.invoke0(Native Method)
at java.base/jdk.internal.reflect.NativeMethodAccessorImpl.invoke(NativeMethodAccessorImpl.java:77)
at java.base/jdk.internal.reflect.DelegatingMethodAccessorImpl.invoke(DelegatingMethodAccessorImpl.java:43)
at java.base/java.lang.reflect.Method.invoke(Method.java:568)
at org.testng.internal.MethodInvocationHelper.invokeMethod(MethodInvocationHelper.java:133)
at org.testng.internal.TestInvoker.invokeMethod(TestInvoker.java:598)
at org.testng.internal.TestInvoker.retryFailed(TestInvoker.java:213)
at org.testng.internal.MethodRunner.runInSequence(MethodRunner.java:58)
at org.testng.internal.TestInvoker$MethodInvocationAgent.invoke(TestInvoker.java:824)
at org.testng.internal.TestInvoker.invokeTestMethods(TestInvoker.java:146)
at org.testng.internal.TestMethodWorker.invokeTestMethods(TestMethodWorker.java:146)
at org.testng.internal.TestMethodWorker.run(TestMethodWorker.java:128)
at java.base/java.util.ArrayList.forEach(ArrayList.java:1511)
at org.testng.TestRunner.privateRun(TestRunner.java:794)
at org.testng.TestRunner.run(TestRunner.java:596)
at org.testng.SuiteRunner.runTest(SuiteRunner.java:377)
at org.testng.SuiteRunner.runSequentially(SuiteRunner.java:371)
at org.testng.SuiteRunner.privateRun(SuiteRunner.java:332)
at org.testng.SuiteRunner.run(SuiteRunner.java:276)
at org.testng.SuiteRunnerWorker.runSuite(SuiteRunnerWorker.java:53)
at org.testng.SuiteRunnerWorker.run(SuiteRunnerWorker.java:96)
at org.testng.TestNG.runSuitesSequentially(TestNG.java:1212)
at org.testng.TestNG.runSuitesLocally(TestNG.java:1134)
at org.testng.TestNG.runSuites(TestNG.java:1063)
at org.testng.TestNG.run(TestNG.java:1031)
at org.testng.remote.AbstractRemoteTestNG.run(AbstractRemoteTestNG.java:115)
at org.testng.remote.RemoteTestNG.initAndRun(RemoteTestNG.java:251)
at org.testng.remote.RemoteTestNG.main(RemoteTestNG.java:77)
]]>
    </failure>
  </testcase> <!-- TC008_verify_That_When_User_Clicks_On_Buy_Now_button_Then_User_Land_On_Checkout_And_Payments_Page -->
  <testcase classname="com.qa.Test.ProductSpecificationPageTest" name="TC001_verify_That_Images_Of_Product_Are_Displayed_Correctly" time="0.0">
    <ignored/>
  </testcase> <!-- TC001_verify_That_Images_Of_Product_Are_Displayed_Correctly -->
  <testcase classname="com.qa.Test.ProductSpecificationPageTest" name="TC007_Verify_That_When_User_Clicks_On_Go_To_Cart_The_Product_Should_Be_Add_Into_Cart" time="0.0">
    <ignored/>
  </testcase> <!-- TC007_Verify_That_When_User_Clicks_On_Go_To_Cart_The_Product_Should_Be_Add_Into_Cart -->
</testsuite> <!-- Default test -->
