<?xml version="1.0" encoding="UTF-8"?>
<!-- Generated by org.testng.reporters.JUnitXMLReporter -->
<testsuite ignored="9" hostname="DESKTOP-E7FOCSH" failures="2" tests="5" name="Test(failed)(failed)" time="166.659" errors="0" timestamp="2022-08-25T14:14:43 IST">
  <testcase classname="com.qa.Test.CartPageTest" name="TC007_verify_That_User_Should_Able_To_Ckick_On_Place_Order_Button_And_Redirect_On_Checkout_And_Payments_Page" time="27.274"/>
  <testcase classname="com.qa.Test.CheckoutAndPaymentsPageTest" name="TC003_Verify_That_Order_Summary_Having_Same_Product_Wich_Available_In_Cart_Page" time="36.765"/>
  <testcase classname="com.qa.Test.SearchResultPageTest" name="TC00_verify_That_User_Able_to_Apply_Filters_on_Serch_Product" time="12.754">
    <failure type="org.openqa.selenium.NoSuchElementException" message="Cannot locate option with index: 6
For documentation on this error, please visit: https://selenium.dev/exceptions/#no_such_element
Build info: version: &amp;apos;4.3.0&amp;apos;, revision: &amp;apos;a4995e2c09*&amp;apos;
System info: host: &amp;apos;DESKTOP-E7FOCSH&amp;apos;, ip: &amp;apos;192.168.0.107&amp;apos;, os.name: &amp;apos;Windows 10&amp;apos;, os.arch: &amp;apos;amd64&amp;apos;, os.version: &amp;apos;10.0&amp;apos;, java.version: &amp;apos;17&amp;apos;
Driver info: driver.version: unknown">
      <![CDATA[org.openqa.selenium.NoSuchElementException: Cannot locate option with index: 6
For documentation on this error, please visit: https://selenium.dev/exceptions/#no_such_element
Build info: version: '4.3.0', revision: 'a4995e2c09*'
System info: host: 'DESKTOP-E7FOCSH', ip: '192.168.0.107', os.name: 'Windows 10', os.arch: 'amd64', os.version: '10.0', java.version: '17'
Driver info: driver.version: unknown
at org.openqa.selenium.support.ui.Select.setSelectedByIndex(Select.java:301)
at org.openqa.selenium.support.ui.Select.selectByIndex(Select.java:176)
at com.qa.Action.Action.selectByIndex(Action.java:61)
at com.qa.Pages.SearchResultPage.select_Price(SearchResultPage.java:93)
at com.qa.Test.SearchResultPageTest.TC00_verify_That_User_Able_to_Apply_Filters_on_Serch_Product(SearchResultPageTest.java:58)
at java.base/java.util.ArrayList.forEach(ArrayList.java:1511)
... Removed 27 stack frames]]>
    </failure>
  </testcase> <!-- TC00_verify_That_User_Able_to_Apply_Filters_on_Serch_Product -->
  <testcase classname="com.qa.Test.ProductSpecificationPageTest" name="TC008_verify_That_When_User_Clicks_On_Buy_Now_button_Then_User_Land_On_Checkout_And_Payments_Page" time="13.857">
    <skipped/>
  </testcase> <!-- TC008_verify_That_When_User_Clicks_On_Buy_Now_button_Then_User_Land_On_Checkout_And_Payments_Page -->
  <testcase classname="com.qa.Test.ProductSpecificationPageTest" name="TC008_verify_That_When_User_Clicks_On_Buy_Now_button_Then_User_Land_On_Checkout_And_Payments_Page" time="21.852">
    <failure type="java.lang.AssertionError" message="The following asserts failed:
	expected [Flipkart.com: Secure Payment: Login &amp;gt; Select Shipping Address &amp;gt; Review Order &amp;gt; Place Order] but found [FTX Solid Men Round Neck Multicolor T-Shirt - Buy FTX Solid Men Round Neck Multicolor T-Shirt Online at Best Prices in India | Flipkart.com]">
      <![CDATA[java.lang.AssertionError: The following asserts failed:
expected [Flipkart.com: Secure Payment: Login > Select Shipping Address > Review Order > Place Order] but found [FTX Solid Men Round Neck Multicolor T-Shirt - Buy FTX Solid Men Round Neck Multicolor T-Shirt Online at Best Prices in India | Flipkart.com]
at com.qa.Test.ProductSpecificationPageTest.TC008_verify_That_When_User_Clicks_On_Buy_Now_button_Then_User_Land_On_Checkout_And_Payments_Page(ProductSpecificationPageTest.java:97)
at java.base/java.util.ArrayList.forEach(ArrayList.java:1511)
... Removed 29 stack frames]]>
    </failure>
  </testcase> <!-- TC008_verify_That_When_User_Clicks_On_Buy_Now_button_Then_User_Land_On_Checkout_And_Payments_Page -->
  <testcase classname="com.qa.Test.CartPageTest" name="TC001_verify_That_Item_Quantity_Should_Be_Increased_If_user_click_On_Increase_Button" time="0.0">
    <ignored/>
  </testcase> <!-- TC001_verify_That_Item_Quantity_Should_Be_Increased_If_user_click_On_Increase_Button -->
  <testcase classname="com.qa.Test.SearchResultPageTest" name="verify_That_Filters_Options_Should_Be_Present_On_Search_Results_Page" time="0.0">
    <ignored/>
  </testcase> <!-- verify_That_Filters_Options_Should_Be_Present_On_Search_Results_Page -->
  <testcase classname="com.qa.Test.CartPageTest" name="TC005_verify_That_When_User_Clicks_On_Remove_Button_The_Item_Should_Be_Removed_From_Cart" time="0.0">
    <ignored/>
  </testcase> <!-- TC005_verify_That_When_User_Clicks_On_Remove_Button_The_Item_Should_Be_Removed_From_Cart -->
  <testcase classname="com.qa.Test.SearchResultPageTest" name="TC009_verify_That_When_User_Clicks_On_Any_Product_User_Should_Be_Redirected_To_Product_Specification_Page" time="0.0">
    <ignored/>
  </testcase> <!-- TC009_verify_That_When_User_Clicks_On_Any_Product_User_Should_Be_Redirected_To_Product_Specification_Page -->
  <testcase classname="com.qa.Test.ProductSpecificationPageTest" name="TC001_verify_That_Images_Of_Product_Are_Displayed_Correctly" time="0.0">
    <ignored/>
  </testcase> <!-- TC001_verify_That_Images_Of_Product_Are_Displayed_Correctly -->
  <testcase classname="com.qa.Test.ProductSpecificationPageTest" name="TC007_Verify_That_When_User_Clicks_On_Go_To_Cart_The_Product_Should_Be_Add_Into_Cart" time="0.0">
    <ignored/>
  </testcase> <!-- TC007_Verify_That_When_User_Clicks_On_Go_To_Cart_The_Product_Should_Be_Add_Into_Cart -->
  <testcase classname="com.qa.Test.CheckoutAndPaymentsPageTest" name="TC001_verify_That_Valid_Account_Holder_Name_Displyed_Under_Login" time="0.0">
    <ignored/>
  </testcase> <!-- TC001_verify_That_Valid_Account_Holder_Name_Displyed_Under_Login -->
  <testcase classname="com.qa.Test.CheckoutAndPaymentsPageTest" name="TC002_verify_That_Delivery_Address_Details_Should_Be_Displayed_And_User_Able_To_Select_One_Delivery_Address" time="0.0">
    <ignored/>
  </testcase> <!-- TC002_verify_That_Delivery_Address_Details_Should_Be_Displayed_And_User_Able_To_Select_One_Delivery_Address -->
  <testcase classname="com.qa.Test.CartPageTest" name="TC002_verify_That_Total_Amount_Of_All_Items_Should_Be_displayed_to_user" time="0.0">
    <ignored/>
  </testcase> <!-- TC002_verify_That_Total_Amount_Of_All_Items_Should_Be_displayed_to_user -->
</testsuite> <!-- Test(failed)(failed) -->
