<?xml version="1.0" encoding="UTF-8"?>
<!-- Generated by org.testng.reporters.JUnitXMLReporter -->
<testsuite ignored="3" hostname="DESKTOP-E7FOCSH" failures="1" tests="2" name="Default test(failed)(failed)" time="82.744" errors="0" timestamp="2022-08-20T20:33:57 IST">
  <testcase classname="com.qa.Test.CartPageTest" name="TC007_verify_That_When_User_Clicks_On_Remove_Button_The_Item_Should_Be_Removed_From_Cart" time="22.538">
    <skipped/>
  </testcase> <!-- TC007_verify_That_When_User_Clicks_On_Remove_Button_The_Item_Should_Be_Removed_From_Cart -->
  <testcase classname="com.qa.Test.CartPageTest" name="TC007_verify_That_When_User_Clicks_On_Remove_Button_The_Item_Should_Be_Removed_From_Cart" time="24.633">
    <failure type="java.lang.AssertionError" message="The following asserts failed:
	expected [true] but found [false]">
      <![CDATA[java.lang.AssertionError: The following asserts failed:
expected [true] but found [false]
at com.qa.Test.CartPageTest.TC007_verify_That_When_User_Clicks_On_Remove_Button_The_Item_Should_Be_Removed_From_Cart(CartPageTest.java:103)
at java.base/java.util.ArrayList.forEach(ArrayList.java:1511)
... Removed 29 stack frames]]>
    </failure>
  </testcase> <!-- TC007_verify_That_When_User_Clicks_On_Remove_Button_The_Item_Should_Be_Removed_From_Cart -->
  <testcase classname="com.qa.Test.CartPageTest" name="TC001_verify_That_Item_Quantity_Should_Be_Increased_If_user_click_On_Increase_Button" time="0.0">
    <ignored/>
  </testcase> <!-- TC001_verify_That_Item_Quantity_Should_Be_Increased_If_user_click_On_Increase_Button -->
  <testcase classname="com.qa.Test.CartPageTest" name="verify_That_User_Should_Able_To_Ckick_On_Place_Order_Button_And_Redirect_On_Checkout_And_Payments_Page" time="0.0">
    <ignored/>
  </testcase> <!-- verify_That_User_Should_Able_To_Ckick_On_Place_Order_Button_And_Redirect_On_Checkout_And_Payments_Page -->
  <testcase classname="com.qa.Test.CartPageTest" name="TC002_verify_That_Total_Amount_Of_All_Items_Should_Be_displayed_to_user" time="0.0">
    <ignored/>
  </testcase> <!-- TC002_verify_That_Total_Amount_Of_All_Items_Should_Be_displayed_to_user -->
</testsuite> <!-- Default test(failed)(failed) -->
