<?xml version="1.0" encoding="UTF-8"?>
<!-- Generated by org.testng.reporters.JUnitXMLReporter -->
<testsuite ignored="5" hostname="DESKTOP-E7FOCSH" failures="3" tests="4" name="Test(failed)" time="123.122" errors="0" timestamp="2022-08-21T18:53:48 IST">
  <testcase classname="com.qa.Test.SearchResultPageTest" name="TC00_verify_That_User_Able_to_Apply_Filters_on_Serch_Product" time="10.095">
    <failure type="org.openqa.selenium.NoSuchElementException" message="Cannot locate option with index: 6
For documentation on this error, please visit: https://selenium.dev/exceptions/#no_such_element
Build info: version: &amp;apos;4.3.0&amp;apos;, revision: &amp;apos;a4995e2c09*&amp;apos;
System info: host: &amp;apos;DESKTOP-E7FOCSH&amp;apos;, ip: &amp;apos;192.168.0.107&amp;apos;, os.name: &amp;apos;Windows 10&amp;apos;, os.arch: &amp;apos;amd64&amp;apos;, os.version: &amp;apos;10.0&amp;apos;, java.version: &amp;apos;17&amp;apos;
Driver info: driver.version: unknown">
      <![CDATA[org.openqa.selenium.NoSuchElementException: Cannot locate option with index: 6
For documentation on this error, please visit: https://selenium.dev/exceptions/#no_such_element
Build info: version: '4.3.0', revision: 'a4995e2c09*'
System info: host: 'DESKTOP-E7FOCSH', ip: '192.168.0.107', os.name: 'Windows 10', os.arch: 'amd64', os.version: '10.0', java.version: '17'
Driver info: driver.version: unknown
at org.openqa.selenium.support.ui.Select.setSelectedByIndex(Select.java:301)
at org.openqa.selenium.support.ui.Select.selectByIndex(Select.java:176)
at com.qa.Action.Action.selectByIndex(Action.java:68)
at com.qa.Pages.SearchResultPage.select_Price(SearchResultPage.java:102)
at com.qa.Test.SearchResultPageTest.TC00_verify_That_User_Able_to_Apply_Filters_on_Serch_Product(SearchResultPageTest.java:61)
at java.base/java.util.ArrayList.forEach(ArrayList.java:1511)
... Removed 27 stack frames]]>
    </failure>
  </testcase> <!-- TC00_verify_That_User_Able_to_Apply_Filters_on_Serch_Product -->
  <testcase classname="com.qa.Test.ProductSpecificationPageTest" name="verify_That_When_User_Clicks_On_Buy_Now_button_Then_User_Land_On_Checkout_And_Payments_Page" time="19.046">
    <failure type="java.lang.AssertionError" message="The following asserts failed:
	expected [Flipkart.com: Secure Payment: Login &amp;gt; Select Shipping Address &amp;gt; Review Order &amp;gt; Place Order] but found [Flipkart.com | Acrux Troy OrangeNavy Waterproof School Bag - School Bag]">
      <![CDATA[java.lang.AssertionError: The following asserts failed:
expected [Flipkart.com: Secure Payment: Login > Select Shipping Address > Review Order > Place Order] but found [Flipkart.com | Acrux Troy OrangeNavy Waterproof School Bag - School Bag]
at com.qa.Test.ProductSpecificationPageTest.verify_That_When_User_Clicks_On_Buy_Now_button_Then_User_Land_On_Checkout_And_Payments_Page(ProductSpecificationPageTest.java:105)
at java.base/java.util.ArrayList.forEach(ArrayList.java:1511)
... Removed 29 stack frames]]>
    </failure>
  </testcase> <!-- verify_That_When_User_Clicks_On_Buy_Now_button_Then_User_Land_On_Checkout_And_Payments_Page -->
  <testcase classname="com.qa.Test.CheckoutAndPaymentsPageTest" name="TC002_verify_That_Delivery_Address_Details_Should_Be_Displayed_And_User_Able_To_Select_One_Delivery_Address" time="33.32">
    <failure type="org.openqa.selenium.NoSuchElementException" message="no such element: Unable to locate element: {&amp;quot;method&amp;quot;:&amp;quot;xpath&amp;quot;,&amp;quot;selector&amp;quot;:&amp;quot;//span[@class=&amp;apos;rPNEXT Br27Zz&amp;apos;]&amp;quot;}
  (Session info: MicrosoftEdge=104.0.1293.54)
For documentation on this error, please visit: https://selenium.dev/exceptions/#no_such_element
Build info: version: &amp;apos;4.3.0&amp;apos;, revision: &amp;apos;a4995e2c09*&amp;apos;
System info: host: &amp;apos;DESKTOP-E7FOCSH&amp;apos;, ip: &amp;apos;192.168.0.107&amp;apos;, os.name: &amp;apos;Windows 10&amp;apos;, os.arch: &amp;apos;amd64&amp;apos;, os.version: &amp;apos;10.0&amp;apos;, java.version: &amp;apos;17&amp;apos;
Driver info: org.openqa.selenium.edge.EdgeDriver
Command: [9e423154ab54566228316e504903df1b, findElement {using=xpath, value=//span[@class=&amp;apos;rPNEXT Br27Zz&amp;apos;]}]
Capabilities {acceptInsecureCerts: false, browserName: msedge, browserVersion: 104.0.1293.54, ms:edgeOptions: {debuggerAddress: localhost:61752}, msedge: {msedgedriverVersion: 103.0.1264.1 (8a5f8f9a1918d..., userDataDir: C:\Users\User\AppData\Local...}, networkConnectionEnabled: false, pageLoadStrategy: normal, platformName: WINDOWS, proxy: Proxy(), se:cdp: ws://localhost:61752/devtoo..., se:cdpVersion: 104.0.1293.54, setWindowRect: true, strictFileInteractability: false, timeouts: {implicit: 0, pageLoad: 300000, script: 30000}, unhandledPromptBehavior: dismiss and notify, webauthn:extension:credBlob: true, webauthn:extension:largeBlob: true, webauthn:virtualAuthenticators: true}
Session ID: 9e423154ab54566228316e504903df1b">
      <![CDATA[org.openqa.selenium.NoSuchElementException: no such element: Unable to locate element: {"method":"xpath","selector":"//span[@class='rPNEXT Br27Zz']"}
  (Session info: MicrosoftEdge=104.0.1293.54)
For documentation on this error, please visit: https://selenium.dev/exceptions/#no_such_element
Build info: version: '4.3.0', revision: 'a4995e2c09*'
System info: host: 'DESKTOP-E7FOCSH', ip: '192.168.0.107', os.name: 'Windows 10', os.arch: 'amd64', os.version: '10.0', java.version: '17'
Driver info: org.openqa.selenium.edge.EdgeDriver
Command: [9e423154ab54566228316e504903df1b, findElement {using=xpath, value=//span[@class='rPNEXT Br27Zz']}]
Capabilities {acceptInsecureCerts: false, browserName: msedge, browserVersion: 104.0.1293.54, ms:edgeOptions: {debuggerAddress: localhost:61752}, msedge: {msedgedriverVersion: 103.0.1264.1 (8a5f8f9a1918d..., userDataDir: C:\Users\User\AppData\Local...}, networkConnectionEnabled: false, pageLoadStrategy: normal, platformName: WINDOWS, proxy: Proxy(), se:cdp: ws://localhost:61752/devtoo..., se:cdpVersion: 104.0.1293.54, setWindowRect: true, strictFileInteractability: false, timeouts: {implicit: 0, pageLoad: 300000, script: 30000}, unhandledPromptBehavior: dismiss and notify, webauthn:extension:credBlob: true, webauthn:extension:largeBlob: true, webauthn:virtualAuthenticators: true}
Session ID: 9e423154ab54566228316e504903df1b
at org.openqa.selenium.remote.codec.w3c.W3CHttpResponseCodec.createException(W3CHttpResponseCodec.java:200)
at org.openqa.selenium.remote.codec.w3c.W3CHttpResponseCodec.decode(W3CHttpResponseCodec.java:133)
at org.openqa.selenium.remote.codec.w3c.W3CHttpResponseCodec.decode(W3CHttpResponseCodec.java:53)
at org.openqa.selenium.remote.HttpCommandExecutor.execute(HttpCommandExecutor.java:184)
at org.openqa.selenium.remote.service.DriverCommandExecutor.invokeExecute(DriverCommandExecutor.java:167)
at org.openqa.selenium.remote.service.DriverCommandExecutor.execute(DriverCommandExecutor.java:142)
at org.openqa.selenium.remote.RemoteWebDriver.execute(RemoteWebDriver.java:569)
at org.openqa.selenium.remote.ElementLocation$ElementFinder$2.findElement(ElementLocation.java:162)
at org.openqa.selenium.remote.ElementLocation.findElement(ElementLocation.java:60)
at org.openqa.selenium.remote.RemoteWebDriver.findElement(RemoteWebDriver.java:387)
at org.openqa.selenium.remote.RemoteWebDriver.findElement(RemoteWebDriver.java:379)
at org.openqa.selenium.support.pagefactory.DefaultElementLocator.findElement(DefaultElementLocator.java:70)
at org.openqa.selenium.support.pagefactory.internal.LocatingElementHandler.invoke(LocatingElementHandler.java:39)
at jdk.proxy2/jdk.proxy2.$Proxy16.isDisplayed(Unknown Source)
at com.qa.Pages.CheckoutAndPaymentsPage.delivery_Address_isDisplayed(CheckoutAndPaymentsPage.java:68)
at com.qa.Test.CheckoutAndPaymentsPageTest.TC002_verify_That_Delivery_Address_Details_Should_Be_Displayed_And_User_Able_To_Select_One_Delivery_Address(CheckoutAndPaymentsPageTest.java:69)
at java.base/java.util.ArrayList.forEach(ArrayList.java:1511)
... Removed 32 stack frames]]>
    </failure>
  </testcase> <!-- TC002_verify_That_Delivery_Address_Details_Should_Be_Displayed_And_User_Able_To_Select_One_Delivery_Address -->
  <testcase classname="com.qa.Test.CheckoutAndPaymentsPageTest" name="TC003_Verify_That_Order_Summary_Haing_Same_Product_Wich_Available_In_Cart_Page" time="26.573"/>
  <testcase classname="com.qa.Test.SearchResultPageTest" name="verify_That_Filters_Options_Should_Be_Present_On_Search_Results_Page" time="0.0">
    <ignored/>
  </testcase> <!-- verify_That_Filters_Options_Should_Be_Present_On_Search_Results_Page -->
  <testcase classname="com.qa.Test.SearchResultPageTest" name="TC009_verify_That_When_User_Clicks_On_Any_Product_User_Should_Be_Redirected_To_Product_Specification_Page" time="0.0">
    <ignored/>
  </testcase> <!-- TC009_verify_That_When_User_Clicks_On_Any_Product_User_Should_Be_Redirected_To_Product_Specification_Page -->
  <testcase classname="com.qa.Test.ProductSpecificationPageTest" name="TC001_verify_That_Images_Of_Product_Are_Displayed_Correctly" time="0.0">
    <ignored/>
  </testcase> <!-- TC001_verify_That_Images_Of_Product_Are_Displayed_Correctly -->
  <testcase classname="com.qa.Test.ProductSpecificationPageTest" name="TC007_Verify_That_When_User_Clicks_On_Go_To_Cart_The_Product_Should_Be_Add_Into_Cart" time="0.0">
    <ignored/>
  </testcase> <!-- TC007_Verify_That_When_User_Clicks_On_Go_To_Cart_The_Product_Should_Be_Add_Into_Cart -->
  <testcase classname="com.qa.Test.CheckoutAndPaymentsPageTest" name="TC001_verify_That_Valid_Account_Holder_Name_Displyed_Under_Login" time="0.0">
    <ignored/>
  </testcase> <!-- TC001_verify_That_Valid_Account_Holder_Name_Displyed_Under_Login -->
</testsuite> <!-- Test(failed) -->
