<!DOCTYPE html>

<html>
  <head>
  <meta charset='utf-8'>
  <title>TestNG reports</title>

    <link type="text/css" href="testng-reports1.css" rel="stylesheet" id="ultra" />
    <link type="text/css" href="testng-reports.css" rel="stylesheet" id="retro" disabled="false"/>
    <script type="text/javascript" src="jquery.min.js"></script>
    <script type="text/javascript" src="testng-reports.js"></script>
    <script type="text/javascript" src="https://www.google.com/jsapi"></script>
    <script type='text/javascript'>
      google.load('visualization', '1', {packages:['table']});
      google.setOnLoadCallback(drawTable);
      var suiteTableInitFunctions = new Array();
      var suiteTableData = new Array();
    </script>
    <!--
      <script type="text/javascript" src="jquery-ui/js/jquery-ui-1.8.16.custom.min.js"></script>
     -->
  </head>

  <body>
    <div class="top-banner-root">
      <span class="top-banner-title-font">Test results</span>
      <button id="button" class="button">Switch Retro Theme</button> <!-- button -->
      <br/>
      <span class="top-banner-font-1">1 suite, 6 failed tests</span>
    </div> <!-- top-banner-root -->
    <div class="navigator-root">
      <div class="navigator-suite-header">
        <span>All suites</span>
        <a href="#" title="Collapse/expand all the suites" class="collapse-all-link">
          <img src="collapseall.gif" class="collapse-all-icon">
          </img> <!-- collapse-all-icon -->
        </a> <!-- collapse-all-link -->
      </div> <!-- navigator-suite-header -->
      <div class="suite">
        <div class="rounded-window">
          <div class="suite-header light-rounded-window-top">
            <a href="#" panel-name="suite-Failed_suite__Suite_" class="navigator-link">
              <span class="suite-name border-failed">Failed suite [Suite]</span>
            </a> <!-- navigator-link -->
          </div> <!-- suite-header light-rounded-window-top -->
          <div class="navigator-suite-content">
            <div class="suite-section-title">
              <span>Info</span>
            </div> <!-- suite-section-title -->
            <div class="suite-section-content">
              <ul>
                <li>
                  <a href="#" panel-name="test-xml-Failed_suite__Suite_" class="navigator-link ">
                    <span>C:\Users\User\eclipse-workspace\AutomationFramework\test-output\testng-failed.xml</span>
                  </a> <!-- navigator-link  -->
                </li>
                <li>
                  <a href="#" panel-name="testlist-Failed_suite__Suite_" class="navigator-link ">
                    <span class="test-stats">1 test</span>
                  </a> <!-- navigator-link  -->
                </li>
                <li>
                  <a href="#" panel-name="group-Failed_suite__Suite_" class="navigator-link ">
                    <span>0 groups</span>
                  </a> <!-- navigator-link  -->
                </li>
                <li>
                  <a href="#" panel-name="times-Failed_suite__Suite_" class="navigator-link ">
                    <span>Times</span>
                  </a> <!-- navigator-link  -->
                </li>
                <li>
                  <a href="#" panel-name="reporter-Failed_suite__Suite_" class="navigator-link ">
                    <span>Reporter output</span>
                  </a> <!-- navigator-link  -->
                </li>
                <li>
                  <a href="#" panel-name="ignored-methods-Failed_suite__Suite_" class="navigator-link ">
                    <span>Ignored methods</span>
                  </a> <!-- navigator-link  -->
                </li>
                <li>
                  <a href="#" panel-name="chronological-Failed_suite__Suite_" class="navigator-link ">
                    <span>Chronological view</span>
                  </a> <!-- navigator-link  -->
                </li>
              </ul>
            </div> <!-- suite-section-content -->
            <div class="result-section">
              <div class="suite-section-title">
                <span>Results</span>
              </div> <!-- suite-section-title -->
              <div class="suite-section-content">
                <ul>
                  <li>
                    <span class="method-stats">12 methods, 6 failed,  4 skipped,  2 passed</span>
                  </li>
                  <li>
                    <span class="method-list-title failed">Failed methods</span>
                    <span class="show-or-hide-methods failed">
                      <a href="#" panel-name="suite-Failed_suite__Suite_" class="hide-methods failed suite-Failed_suite__Suite_"> (hide)</a> <!-- hide-methods failed suite-Failed_suite__Suite_ -->
                      <a href="#" panel-name="suite-Failed_suite__Suite_" class="show-methods failed suite-Failed_suite__Suite_"> (show)</a> <!-- show-methods failed suite-Failed_suite__Suite_ -->
                    </span>
                    <div class="method-list-content failed suite-Failed_suite__Suite_">
                      <span>
                        <img src="failed.png" width="3%"/>
                        <a href="#" panel-name="suite-Failed_suite__Suite_" title="com.qa.Test.CartPageTest" class="method navigator-link" hash-for-method="TC001_verify_That_Item_Quantity_Should_Be_Increased_If_user_click_On_Increase_Button">TC001_verify_That_Item_Quantity_Should_Be_Increased_If_user_click_On_Increase_Button</a> <!-- method navigator-link -->
                      </span>
                      <br/>
                      <span>
                        <img src="failed.png" width="3%"/>
                        <a href="#" panel-name="suite-Failed_suite__Suite_" title="com.qa.Test.CheckoutAndPaymentsPageTest" class="method navigator-link" hash-for-method="TC001_verify_That_Valid_Account_Holder_Name_Displyed_Under_Login">TC001_verify_That_Valid_Account_Holder_Name_Displyed_Under_Login</a> <!-- method navigator-link -->
                      </span>
                      <br/>
                      <span>
                        <img src="failed.png" width="3%"/>
                        <a href="#" panel-name="suite-Failed_suite__Suite_" title="com.qa.Test.ProductSpecificationPageTest" class="method navigator-link" hash-for-method="TC007_Verify_That_When_User_Clicks_On_Go_To_Cart_The_Product_Should_Be_Add_Into_Cart">TC007_Verify_That_When_User_Clicks_On_Go_To_Cart_The_Product_Should_Be_Add_Into_Cart</a> <!-- method navigator-link -->
                      </span>
                      <br/>
                      <span>
                        <img src="failed.png" width="3%"/>
                        <a href="#" panel-name="suite-Failed_suite__Suite_" title="com.qa.Test.CartPageTest" class="method navigator-link" hash-for-method="TC007_verify_That_User_Should_Able_To_Ckick_On_Place_Order_Button_And_Redirect_On_Checkout_And_Payments_Page">TC007_verify_That_User_Should_Able_To_Ckick_On_Place_Order_Button_And_Redirect_On_Checkout_And_Payments_Page</a> <!-- method navigator-link -->
                      </span>
                      <br/>
                      <span>
                        <img src="failed.png" width="3%"/>
                        <a href="#" panel-name="suite-Failed_suite__Suite_" title="com.qa.Test.ProductSpecificationPageTest" class="method navigator-link" hash-for-method="TC008_verify_That_When_User_Clicks_On_Buy_Now_button_Then_User_Land_On_Checkout_And_Payments_Page">TC008_verify_That_When_User_Clicks_On_Buy_Now_button_Then_User_Land_On_Checkout_And_Payments_Page</a> <!-- method navigator-link -->
                      </span>
                      <br/>
                      <span>
                        <img src="failed.png" width="3%"/>
                        <a href="#" panel-name="suite-Failed_suite__Suite_" title="com.qa.Test.SearchResultPageTest" class="method navigator-link" hash-for-method="TC00_verify_That_User_Able_to_Apply_Filters_on_Serch_Product">TC00_verify_That_User_Able_to_Apply_Filters_on_Serch_Product</a> <!-- method navigator-link -->
                      </span>
                      <br/>
                    </div> <!-- method-list-content failed suite-Failed_suite__Suite_ -->
                  </li>
                  <li>
                    <span class="method-list-title skipped">Retried methods</span>
                    <span class="show-or-hide-methods skipped">
                      <a href="#" panel-name="suite-Failed_suite__Suite_" class="hide-methods skipped suite-Failed_suite__Suite_"> (hide)</a> <!-- hide-methods skipped suite-Failed_suite__Suite_ -->
                      <a href="#" panel-name="suite-Failed_suite__Suite_" class="show-methods skipped suite-Failed_suite__Suite_"> (show)</a> <!-- show-methods skipped suite-Failed_suite__Suite_ -->
                    </span>
                    <div class="method-list-content skipped suite-Failed_suite__Suite_">
                      <span>
                        <img src="skipped.png" width="3%"/>
                        <a href="#" panel-name="suite-Failed_suite__Suite_" title="com.qa.Test.CartPageTest" class="method navigator-link" hash-for-method="TC001_verify_That_Item_Quantity_Should_Be_Increased_If_user_click_On_Increase_Button">TC001_verify_That_Item_Quantity_Should_Be_Increased_If_user_click_On_Increase_Button</a> <!-- method navigator-link -->
                      </span>
                      <br/>
                      <span>
                        <img src="skipped.png" width="3%"/>
                        <a href="#" panel-name="suite-Failed_suite__Suite_" title="com.qa.Test.ProductSpecificationPageTest" class="method navigator-link" hash-for-method="TC007_Verify_That_When_User_Clicks_On_Go_To_Cart_The_Product_Should_Be_Add_Into_Cart">TC007_Verify_That_When_User_Clicks_On_Go_To_Cart_The_Product_Should_Be_Add_Into_Cart</a> <!-- method navigator-link -->
                      </span>
                      <br/>
                      <span>
                        <img src="skipped.png" width="3%"/>
                        <a href="#" panel-name="suite-Failed_suite__Suite_" title="com.qa.Test.CartPageTest" class="method navigator-link" hash-for-method="TC007_verify_That_User_Should_Able_To_Ckick_On_Place_Order_Button_And_Redirect_On_Checkout_And_Payments_Page">TC007_verify_That_User_Should_Able_To_Ckick_On_Place_Order_Button_And_Redirect_On_Checkout_And_Payments_Page</a> <!-- method navigator-link -->
                      </span>
                      <br/>
                      <span>
                        <img src="skipped.png" width="3%"/>
                        <a href="#" panel-name="suite-Failed_suite__Suite_" title="com.qa.Test.ProductSpecificationPageTest" class="method navigator-link" hash-for-method="TC008_verify_That_When_User_Clicks_On_Buy_Now_button_Then_User_Land_On_Checkout_And_Payments_Page">TC008_verify_That_When_User_Clicks_On_Buy_Now_button_Then_User_Land_On_Checkout_And_Payments_Page</a> <!-- method navigator-link -->
                      </span>
                      <br/>
                    </div> <!-- method-list-content skipped suite-Failed_suite__Suite_ -->
                  </li>
                  <li>
                    <span class="method-list-title passed">Passed methods</span>
                    <span class="show-or-hide-methods passed">
                      <a href="#" panel-name="suite-Failed_suite__Suite_" class="hide-methods passed suite-Failed_suite__Suite_"> (hide)</a> <!-- hide-methods passed suite-Failed_suite__Suite_ -->
                      <a href="#" panel-name="suite-Failed_suite__Suite_" class="show-methods passed suite-Failed_suite__Suite_"> (show)</a> <!-- show-methods passed suite-Failed_suite__Suite_ -->
                    </span>
                    <div class="method-list-content passed suite-Failed_suite__Suite_">
                      <span>
                        <img src="passed.png" width="3%"/>
                        <a href="#" panel-name="suite-Failed_suite__Suite_" title="com.qa.Test.ProductSpecificationPageTest" class="method navigator-link" hash-for-method="TC001_verify_That_Images_Of_Product_Are_Displayed_Correctly">TC001_verify_That_Images_Of_Product_Are_Displayed_Correctly</a> <!-- method navigator-link -->
                      </span>
                      <br/>
                      <span>
                        <img src="passed.png" width="3%"/>
                        <a href="#" panel-name="suite-Failed_suite__Suite_" title="com.qa.Test.CheckoutAndPaymentsPageTest" class="method navigator-link" hash-for-method="TC002_verify_That_Delivery_Address_Details_Should_Be_Displayed_And_User_Able_To_Select_One_Delivery_Address">TC002_verify_That_Delivery_Address_Details_Should_Be_Displayed_And_User_Able_To_Select_One_Delivery_Address</a> <!-- method navigator-link -->
                      </span>
                      <br/>
                    </div> <!-- method-list-content passed suite-Failed_suite__Suite_ -->
                  </li>
                </ul>
              </div> <!-- suite-section-content -->
            </div> <!-- result-section -->
          </div> <!-- navigator-suite-content -->
        </div> <!-- rounded-window -->
      </div> <!-- suite -->
    </div> <!-- navigator-root -->
    <div class="wrapper">
      <div class="main-panel-root">
        <div panel-name="suite-Failed_suite__Suite_" class="panel Failed_suite__Suite_">
          <div class="suite-Failed_suite__Suite_-class-failed">
            <div class="main-panel-header rounded-window-top">
              <img src="failed.png"/>
              <span class="class-name">com.qa.Test.CartPageTest</span>
            </div> <!-- main-panel-header rounded-window-top -->
            <div class="main-panel-content rounded-window-bottom">
              <div class="method">
                <div class="method-content">
                  <a name="TC001_verify_That_Item_Quantity_Should_Be_Increased_If_user_click_On_Increase_Button">
                  </a> <!-- TC001_verify_That_Item_Quantity_Should_Be_Increased_If_user_click_On_Increase_Button -->
                  <span class="method-name">TC001_verify_That_Item_Quantity_Should_Be_Increased_If_user_click_On_Increase_Button</span>
                  <div class="stack-trace">org.openqa.selenium.NoSuchElementException: no such element: Unable to locate element: {&quot;method&quot;:&quot;xpath&quot;,&quot;selector&quot;:&quot;//span[@class=&apos;B_NuCI&apos;]&quot;}
  (Session info: MicrosoftEdge=104.0.1293.70)
For documentation on this error, please visit: https://selenium.dev/exceptions/#no_such_element
Build info: version: &apos;4.3.0&apos;, revision: &apos;a4995e2c09*&apos;
System info: host: &apos;DESKTOP-E7FOCSH&apos;, ip: &apos;192.168.0.107&apos;, os.name: &apos;Windows 10&apos;, os.arch: &apos;amd64&apos;, os.version: &apos;10.0&apos;, java.version: &apos;17&apos;
Driver info: org.openqa.selenium.edge.EdgeDriver
Command: [e933b89589d267a121cf9bbac77f25ce, findElement {using=xpath, value=//span[@class=&apos;B_NuCI&apos;]}]
Capabilities {acceptInsecureCerts: false, browserName: msedge, browserVersion: 104.0.1293.70, ms:edgeOptions: {debuggerAddress: localhost:50193}, msedge: {msedgedriverVersion: 103.0.1264.1 (8a5f8f9a1918d..., userDataDir: C:\Users\User\AppData\Local...}, networkConnectionEnabled: false, pageLoadStrategy: normal, platformName: WINDOWS, proxy: Proxy(), se:cdp: ws://localhost:50193/devtoo..., se:cdpVersion: 104.0.1293.70, setWindowRect: true, strictFileInteractability: false, timeouts: {implicit: 0, pageLoad: 300000, script: 30000}, unhandledPromptBehavior: dismiss and notify, webauthn:extension:credBlob: true, webauthn:extension:largeBlob: true, webauthn:virtualAuthenticators: true}
Session ID: e933b89589d267a121cf9bbac77f25ce
	at org.openqa.selenium.remote.codec.w3c.W3CHttpResponseCodec.createException(W3CHttpResponseCodec.java:200)
	at org.openqa.selenium.remote.codec.w3c.W3CHttpResponseCodec.decode(W3CHttpResponseCodec.java:133)
	at org.openqa.selenium.remote.codec.w3c.W3CHttpResponseCodec.decode(W3CHttpResponseCodec.java:53)
	at org.openqa.selenium.remote.HttpCommandExecutor.execute(HttpCommandExecutor.java:184)
	at org.openqa.selenium.remote.service.DriverCommandExecutor.invokeExecute(DriverCommandExecutor.java:167)
	at org.openqa.selenium.remote.service.DriverCommandExecutor.execute(DriverCommandExecutor.java:142)
	at org.openqa.selenium.remote.RemoteWebDriver.execute(RemoteWebDriver.java:569)
	at org.openqa.selenium.remote.ElementLocation$ElementFinder$2.findElement(ElementLocation.java:162)
	at org.openqa.selenium.remote.ElementLocation.findElement(ElementLocation.java:60)
	at org.openqa.selenium.remote.RemoteWebDriver.findElement(RemoteWebDriver.java:387)
	at org.openqa.selenium.remote.RemoteWebDriver.findElement(RemoteWebDriver.java:379)
	at org.openqa.selenium.support.pagefactory.DefaultElementLocator.findElement(DefaultElementLocator.java:70)
	at org.openqa.selenium.support.pagefactory.internal.LocatingElementHandler.invoke(LocatingElementHandler.java:39)
	at jdk.proxy2/jdk.proxy2.$Proxy17.getText(Unknown Source)
	at com.qa.Pages.ProductSpecificationPage.get_First_Product_Name(ProductSpecificationPage.java:77)
	at com.qa.Test.CartPageTest.TC001_verify_That_Item_Quantity_Should_Be_Increased_If_user_click_On_Increase_Button(CartPageTest.java:42)
	at java.base/java.util.ArrayList.forEach(ArrayList.java:1511)
... Removed 32 stack frames
</div> <!-- stack-trace -->
                </div> <!-- method-content -->
              </div> <!-- method -->
              <div class="method">
                <div class="method-content">
                  <a name="TC007_verify_That_User_Should_Able_To_Ckick_On_Place_Order_Button_And_Redirect_On_Checkout_And_Payments_Page">
                  </a> <!-- TC007_verify_That_User_Should_Able_To_Ckick_On_Place_Order_Button_And_Redirect_On_Checkout_And_Payments_Page -->
                  <span class="method-name">TC007_verify_That_User_Should_Able_To_Ckick_On_Place_Order_Button_And_Redirect_On_Checkout_And_Payments_Page</span>
                  <div class="stack-trace">java.lang.AssertionError: The following asserts failed:
	expected [Flipkart.com: Secure Payment: Login &gt; Select Shipping Address &gt; Review Order &gt; Place Order] but found [Shopping Cart | Flipkart.com]
	at com.qa.Test.CartPageTest.TC007_verify_That_User_Should_Able_To_Ckick_On_Place_Order_Button_And_Redirect_On_Checkout_And_Payments_Page(CartPageTest.java:129)
	at java.base/java.util.ArrayList.forEach(ArrayList.java:1511)
... Removed 29 stack frames
</div> <!-- stack-trace -->
                </div> <!-- method-content -->
              </div> <!-- method -->
            </div> <!-- main-panel-content rounded-window-bottom -->
          </div> <!-- suite-Failed_suite__Suite_-class-failed -->
          <div class="suite-Failed_suite__Suite_-class-failed">
            <div class="main-panel-header rounded-window-top">
              <img src="failed.png"/>
              <span class="class-name">com.qa.Test.CheckoutAndPaymentsPageTest</span>
            </div> <!-- main-panel-header rounded-window-top -->
            <div class="main-panel-content rounded-window-bottom">
              <div class="method">
                <div class="method-content">
                  <a name="TC001_verify_That_Valid_Account_Holder_Name_Displyed_Under_Login">
                  </a> <!-- TC001_verify_That_Valid_Account_Holder_Name_Displyed_Under_Login -->
                  <span class="method-name">TC001_verify_That_Valid_Account_Holder_Name_Displyed_Under_Login</span>
                  <div class="stack-trace">org.openqa.selenium.NoSuchElementException: no such element: Unable to locate element: {&quot;method&quot;:&quot;xpath&quot;,&quot;selector&quot;:&quot;//span[@class=&apos;npYOZI&apos;]&quot;}
  (Session info: MicrosoftEdge=104.0.1293.70)
For documentation on this error, please visit: https://selenium.dev/exceptions/#no_such_element
Build info: version: &apos;4.3.0&apos;, revision: &apos;a4995e2c09*&apos;
System info: host: &apos;DESKTOP-E7FOCSH&apos;, ip: &apos;192.168.0.107&apos;, os.name: &apos;Windows 10&apos;, os.arch: &apos;amd64&apos;, os.version: &apos;10.0&apos;, java.version: &apos;17&apos;
Driver info: org.openqa.selenium.edge.EdgeDriver
Command: [920bb8227dc6bf1942c6d186336d26c7, findElement {using=xpath, value=//span[@class=&apos;npYOZI&apos;]}]
Capabilities {acceptInsecureCerts: false, browserName: msedge, browserVersion: 104.0.1293.70, ms:edgeOptions: {debuggerAddress: localhost:65504}, msedge: {msedgedriverVersion: 103.0.1264.1 (8a5f8f9a1918d..., userDataDir: C:\Users\User\AppData\Local...}, networkConnectionEnabled: false, pageLoadStrategy: normal, platformName: WINDOWS, proxy: Proxy(), se:cdp: ws://localhost:65504/devtoo..., se:cdpVersion: 104.0.1293.70, setWindowRect: true, strictFileInteractability: false, timeouts: {implicit: 0, pageLoad: 300000, script: 30000}, unhandledPromptBehavior: dismiss and notify, webauthn:extension:credBlob: true, webauthn:extension:largeBlob: true, webauthn:virtualAuthenticators: true}
Session ID: 920bb8227dc6bf1942c6d186336d26c7
	at org.openqa.selenium.remote.codec.w3c.W3CHttpResponseCodec.createException(W3CHttpResponseCodec.java:200)
	at org.openqa.selenium.remote.codec.w3c.W3CHttpResponseCodec.decode(W3CHttpResponseCodec.java:133)
	at org.openqa.selenium.remote.codec.w3c.W3CHttpResponseCodec.decode(W3CHttpResponseCodec.java:53)
	at org.openqa.selenium.remote.HttpCommandExecutor.execute(HttpCommandExecutor.java:184)
	at org.openqa.selenium.remote.service.DriverCommandExecutor.invokeExecute(DriverCommandExecutor.java:167)
	at org.openqa.selenium.remote.service.DriverCommandExecutor.execute(DriverCommandExecutor.java:142)
	at org.openqa.selenium.remote.RemoteWebDriver.execute(RemoteWebDriver.java:569)
	at org.openqa.selenium.remote.ElementLocation$ElementFinder$2.findElement(ElementLocation.java:162)
	at org.openqa.selenium.remote.ElementLocation.findElement(ElementLocation.java:60)
	at org.openqa.selenium.remote.RemoteWebDriver.findElement(RemoteWebDriver.java:387)
	at org.openqa.selenium.remote.RemoteWebDriver.findElement(RemoteWebDriver.java:379)
	at org.openqa.selenium.support.pagefactory.DefaultElementLocator.findElement(DefaultElementLocator.java:70)
	at org.openqa.selenium.support.pagefactory.internal.LocatingElementHandler.invoke(LocatingElementHandler.java:39)
	at jdk.proxy2/jdk.proxy2.$Proxy17.getText(Unknown Source)
	at com.qa.Pages.CheckoutAndPaymentsPage.account_Holder_Name(CheckoutAndPaymentsPage.java:54)
	at com.qa.Test.CheckoutAndPaymentsPageTest.TC001_verify_That_Valid_Account_Holder_Name_Displyed_Under_Login(CheckoutAndPaymentsPageTest.java:43)
	at java.base/java.util.ArrayList.forEach(ArrayList.java:1511)
... Removed 32 stack frames
</div> <!-- stack-trace -->
                </div> <!-- method-content -->
              </div> <!-- method -->
            </div> <!-- main-panel-content rounded-window-bottom -->
          </div> <!-- suite-Failed_suite__Suite_-class-failed -->
          <div class="suite-Failed_suite__Suite_-class-failed">
            <div class="main-panel-header rounded-window-top">
              <img src="failed.png"/>
              <span class="class-name">com.qa.Test.SearchResultPageTest</span>
            </div> <!-- main-panel-header rounded-window-top -->
            <div class="main-panel-content rounded-window-bottom">
              <div class="method">
                <div class="method-content">
                  <a name="TC00_verify_That_User_Able_to_Apply_Filters_on_Serch_Product">
                  </a> <!-- TC00_verify_That_User_Able_to_Apply_Filters_on_Serch_Product -->
                  <span class="method-name">TC00_verify_That_User_Able_to_Apply_Filters_on_Serch_Product</span>
                  <div class="stack-trace">org.openqa.selenium.NoSuchElementException: Cannot locate option with index: 6
For documentation on this error, please visit: https://selenium.dev/exceptions/#no_such_element
Build info: version: &apos;4.3.0&apos;, revision: &apos;a4995e2c09*&apos;
System info: host: &apos;DESKTOP-E7FOCSH&apos;, ip: &apos;192.168.0.107&apos;, os.name: &apos;Windows 10&apos;, os.arch: &apos;amd64&apos;, os.version: &apos;10.0&apos;, java.version: &apos;17&apos;
Driver info: driver.version: unknown
	at org.openqa.selenium.support.ui.Select.setSelectedByIndex(Select.java:301)
	at org.openqa.selenium.support.ui.Select.selectByIndex(Select.java:176)
	at com.qa.Action.Action.selectByIndex(Action.java:61)
	at com.qa.Pages.SearchResultPage.select_Price(SearchResultPage.java:93)
	at com.qa.Test.SearchResultPageTest.TC00_verify_That_User_Able_to_Apply_Filters_on_Serch_Product(SearchResultPageTest.java:58)
	at java.base/java.util.ArrayList.forEach(ArrayList.java:1511)
... Removed 27 stack frames
</div> <!-- stack-trace -->
                </div> <!-- method-content -->
              </div> <!-- method -->
            </div> <!-- main-panel-content rounded-window-bottom -->
          </div> <!-- suite-Failed_suite__Suite_-class-failed -->
          <div class="suite-Failed_suite__Suite_-class-failed">
            <div class="main-panel-header rounded-window-top">
              <img src="failed.png"/>
              <span class="class-name">com.qa.Test.ProductSpecificationPageTest</span>
            </div> <!-- main-panel-header rounded-window-top -->
            <div class="main-panel-content rounded-window-bottom">
              <div class="method">
                <div class="method-content">
                  <a name="TC007_Verify_That_When_User_Clicks_On_Go_To_Cart_The_Product_Should_Be_Add_Into_Cart">
                  </a> <!-- TC007_Verify_That_When_User_Clicks_On_Go_To_Cart_The_Product_Should_Be_Add_Into_Cart -->
                  <span class="method-name">TC007_Verify_That_When_User_Clicks_On_Go_To_Cart_The_Product_Should_Be_Add_Into_Cart</span>
                  <div class="stack-trace">org.openqa.selenium.NoSuchElementException: no such element: Unable to locate element: {&quot;method&quot;:&quot;xpath&quot;,&quot;selector&quot;:&quot;//span[@class=&apos;B_NuCI&apos;]&quot;}
  (Session info: MicrosoftEdge=104.0.1293.70)
For documentation on this error, please visit: https://selenium.dev/exceptions/#no_such_element
Build info: version: &apos;4.3.0&apos;, revision: &apos;a4995e2c09*&apos;
System info: host: &apos;DESKTOP-E7FOCSH&apos;, ip: &apos;192.168.0.107&apos;, os.name: &apos;Windows 10&apos;, os.arch: &apos;amd64&apos;, os.version: &apos;10.0&apos;, java.version: &apos;17&apos;
Driver info: org.openqa.selenium.edge.EdgeDriver
Command: [ddcf45ad8348aab7c918a9944bb2993f, findElement {using=xpath, value=//span[@class=&apos;B_NuCI&apos;]}]
Capabilities {acceptInsecureCerts: false, browserName: msedge, browserVersion: 104.0.1293.70, ms:edgeOptions: {debuggerAddress: localhost:49695}, msedge: {msedgedriverVersion: 103.0.1264.1 (8a5f8f9a1918d..., userDataDir: C:\Users\User\AppData\Local...}, networkConnectionEnabled: false, pageLoadStrategy: normal, platformName: WINDOWS, proxy: Proxy(), se:cdp: ws://localhost:49695/devtoo..., se:cdpVersion: 104.0.1293.70, setWindowRect: true, strictFileInteractability: false, timeouts: {implicit: 0, pageLoad: 300000, script: 30000}, unhandledPromptBehavior: dismiss and notify, webauthn:extension:credBlob: true, webauthn:extension:largeBlob: true, webauthn:virtualAuthenticators: true}
Session ID: ddcf45ad8348aab7c918a9944bb2993f
	at org.openqa.selenium.remote.codec.w3c.W3CHttpResponseCodec.createException(W3CHttpResponseCodec.java:200)
	at org.openqa.selenium.remote.codec.w3c.W3CHttpResponseCodec.decode(W3CHttpResponseCodec.java:133)
	at org.openqa.selenium.remote.codec.w3c.W3CHttpResponseCodec.decode(W3CHttpResponseCodec.java:53)
	at org.openqa.selenium.remote.HttpCommandExecutor.execute(HttpCommandExecutor.java:184)
	at org.openqa.selenium.remote.service.DriverCommandExecutor.invokeExecute(DriverCommandExecutor.java:167)
	at org.openqa.selenium.remote.service.DriverCommandExecutor.execute(DriverCommandExecutor.java:142)
	at org.openqa.selenium.remote.RemoteWebDriver.execute(RemoteWebDriver.java:569)
	at org.openqa.selenium.remote.ElementLocation$ElementFinder$2.findElement(ElementLocation.java:162)
	at org.openqa.selenium.remote.ElementLocation.findElement(ElementLocation.java:60)
	at org.openqa.selenium.remote.RemoteWebDriver.findElement(RemoteWebDriver.java:387)
	at org.openqa.selenium.remote.RemoteWebDriver.findElement(RemoteWebDriver.java:379)
	at org.openqa.selenium.support.pagefactory.DefaultElementLocator.findElement(DefaultElementLocator.java:70)
	at org.openqa.selenium.support.pagefactory.internal.LocatingElementHandler.invoke(LocatingElementHandler.java:39)
	at jdk.proxy2/jdk.proxy2.$Proxy17.getText(Unknown Source)
	at com.qa.Pages.ProductSpecificationPage.get_First_Product_Name(ProductSpecificationPage.java:77)
	at com.qa.Test.ProductSpecificationPageTest.TC007_Verify_That_When_User_Clicks_On_Go_To_Cart_The_Product_Should_Be_Add_Into_Cart(ProductSpecificationPageTest.java:64)
	at java.base/java.util.ArrayList.forEach(ArrayList.java:1511)
... Removed 32 stack frames
</div> <!-- stack-trace -->
                </div> <!-- method-content -->
              </div> <!-- method -->
              <div class="method">
                <div class="method-content">
                  <a name="TC008_verify_That_When_User_Clicks_On_Buy_Now_button_Then_User_Land_On_Checkout_And_Payments_Page">
                  </a> <!-- TC008_verify_That_When_User_Clicks_On_Buy_Now_button_Then_User_Land_On_Checkout_And_Payments_Page -->
                  <span class="method-name">TC008_verify_That_When_User_Clicks_On_Buy_Now_button_Then_User_Land_On_Checkout_And_Payments_Page</span>
                  <div class="stack-trace">java.lang.AssertionError: The following asserts failed:
	expected [Flipkart.com: Secure Payment: Login &gt; Select Shipping Address &gt; Review Order &gt; Place Order] but found [PUMA Printed Men Round Neck Green T-Shirt - Buy PUMA Printed Men Round Neck Green T-Shirt Online at Best Prices in India | Flipkart.com]
	at com.qa.Test.ProductSpecificationPageTest.TC008_verify_That_When_User_Clicks_On_Buy_Now_button_Then_User_Land_On_Checkout_And_Payments_Page(ProductSpecificationPageTest.java:103)
	at java.base/java.util.ArrayList.forEach(ArrayList.java:1511)
... Removed 29 stack frames
</div> <!-- stack-trace -->
                </div> <!-- method-content -->
              </div> <!-- method -->
            </div> <!-- main-panel-content rounded-window-bottom -->
          </div> <!-- suite-Failed_suite__Suite_-class-failed -->
          <div class="suite-Failed_suite__Suite_-class-skipped">
            <div class="main-panel-header rounded-window-top">
              <img src="skipped.png"/>
              <span class="class-name">com.qa.Test.CartPageTest</span>
            </div> <!-- main-panel-header rounded-window-top -->
            <div class="main-panel-content rounded-window-bottom">
              <div class="method">
                <div class="method-content">
                  <a name="TC001_verify_That_Item_Quantity_Should_Be_Increased_If_user_click_On_Increase_Button">
                  </a> <!-- TC001_verify_That_Item_Quantity_Should_Be_Increased_If_user_click_On_Increase_Button -->
                  <span class="method-name">TC001_verify_That_Item_Quantity_Should_Be_Increased_If_user_click_On_Increase_Button</span>
                  <div class="stack-trace">org.openqa.selenium.NoSuchElementException: no such element: Unable to locate element: {&quot;method&quot;:&quot;xpath&quot;,&quot;selector&quot;:&quot;//span[@class=&apos;B_NuCI&apos;]&quot;}
  (Session info: MicrosoftEdge=104.0.1293.70)
For documentation on this error, please visit: https://selenium.dev/exceptions/#no_such_element
Build info: version: &apos;4.3.0&apos;, revision: &apos;a4995e2c09*&apos;
System info: host: &apos;DESKTOP-E7FOCSH&apos;, ip: &apos;192.168.0.107&apos;, os.name: &apos;Windows 10&apos;, os.arch: &apos;amd64&apos;, os.version: &apos;10.0&apos;, java.version: &apos;17&apos;
Driver info: org.openqa.selenium.edge.EdgeDriver
Command: [9f81c1e89dfcf2e437c0178968e743ad, findElement {using=xpath, value=//span[@class=&apos;B_NuCI&apos;]}]
Capabilities {acceptInsecureCerts: false, browserName: msedge, browserVersion: 104.0.1293.70, ms:edgeOptions: {debuggerAddress: localhost:50057}, msedge: {msedgedriverVersion: 103.0.1264.1 (8a5f8f9a1918d..., userDataDir: C:\Users\User\AppData\Local...}, networkConnectionEnabled: false, pageLoadStrategy: normal, platformName: WINDOWS, proxy: Proxy(), se:cdp: ws://localhost:50057/devtoo..., se:cdpVersion: 104.0.1293.70, setWindowRect: true, strictFileInteractability: false, timeouts: {implicit: 0, pageLoad: 300000, script: 30000}, unhandledPromptBehavior: dismiss and notify, webauthn:extension:credBlob: true, webauthn:extension:largeBlob: true, webauthn:virtualAuthenticators: true}
Session ID: 9f81c1e89dfcf2e437c0178968e743ad
	at org.openqa.selenium.remote.codec.w3c.W3CHttpResponseCodec.createException(W3CHttpResponseCodec.java:200)
	at org.openqa.selenium.remote.codec.w3c.W3CHttpResponseCodec.decode(W3CHttpResponseCodec.java:133)
	at org.openqa.selenium.remote.codec.w3c.W3CHttpResponseCodec.decode(W3CHttpResponseCodec.java:53)
	at org.openqa.selenium.remote.HttpCommandExecutor.execute(HttpCommandExecutor.java:184)
	at org.openqa.selenium.remote.service.DriverCommandExecutor.invokeExecute(DriverCommandExecutor.java:167)
	at org.openqa.selenium.remote.service.DriverCommandExecutor.execute(DriverCommandExecutor.java:142)
	at org.openqa.selenium.remote.RemoteWebDriver.execute(RemoteWebDriver.java:569)
	at org.openqa.selenium.remote.ElementLocation$ElementFinder$2.findElement(ElementLocation.java:162)
	at org.openqa.selenium.remote.ElementLocation.findElement(ElementLocation.java:60)
	at org.openqa.selenium.remote.RemoteWebDriver.findElement(RemoteWebDriver.java:387)
	at org.openqa.selenium.remote.RemoteWebDriver.findElement(RemoteWebDriver.java:379)
	at org.openqa.selenium.support.pagefactory.DefaultElementLocator.findElement(DefaultElementLocator.java:70)
	at org.openqa.selenium.support.pagefactory.internal.LocatingElementHandler.invoke(LocatingElementHandler.java:39)
	at jdk.proxy2/jdk.proxy2.$Proxy17.getText(Unknown Source)
	at com.qa.Pages.ProductSpecificationPage.get_First_Product_Name(ProductSpecificationPage.java:77)
	at com.qa.Test.CartPageTest.TC001_verify_That_Item_Quantity_Should_Be_Increased_If_user_click_On_Increase_Button(CartPageTest.java:42)
	at java.base/java.util.ArrayList.forEach(ArrayList.java:1511)
... Removed 32 stack frames
</div> <!-- stack-trace -->
                </div> <!-- method-content -->
              </div> <!-- method -->
              <div class="method">
                <div class="method-content">
                  <a name="TC007_verify_That_User_Should_Able_To_Ckick_On_Place_Order_Button_And_Redirect_On_Checkout_And_Payments_Page">
                  </a> <!-- TC007_verify_That_User_Should_Able_To_Ckick_On_Place_Order_Button_And_Redirect_On_Checkout_And_Payments_Page -->
                  <span class="method-name">TC007_verify_That_User_Should_Able_To_Ckick_On_Place_Order_Button_And_Redirect_On_Checkout_And_Payments_Page</span>
                  <div class="stack-trace">java.lang.AssertionError: The following asserts failed:
	expected [Flipkart.com: Secure Payment: Login &gt; Select Shipping Address &gt; Review Order &gt; Place Order] but found [Shopping Cart | Flipkart.com]
	at com.qa.Test.CartPageTest.TC007_verify_That_User_Should_Able_To_Ckick_On_Place_Order_Button_And_Redirect_On_Checkout_And_Payments_Page(CartPageTest.java:129)
	at java.base/java.util.ArrayList.forEach(ArrayList.java:1511)
... Removed 29 stack frames
</div> <!-- stack-trace -->
                </div> <!-- method-content -->
              </div> <!-- method -->
            </div> <!-- main-panel-content rounded-window-bottom -->
          </div> <!-- suite-Failed_suite__Suite_-class-skipped -->
          <div class="suite-Failed_suite__Suite_-class-skipped">
            <div class="main-panel-header rounded-window-top">
              <img src="skipped.png"/>
              <span class="class-name">com.qa.Test.ProductSpecificationPageTest</span>
            </div> <!-- main-panel-header rounded-window-top -->
            <div class="main-panel-content rounded-window-bottom">
              <div class="method">
                <div class="method-content">
                  <a name="TC007_Verify_That_When_User_Clicks_On_Go_To_Cart_The_Product_Should_Be_Add_Into_Cart">
                  </a> <!-- TC007_Verify_That_When_User_Clicks_On_Go_To_Cart_The_Product_Should_Be_Add_Into_Cart -->
                  <span class="method-name">TC007_Verify_That_When_User_Clicks_On_Go_To_Cart_The_Product_Should_Be_Add_Into_Cart</span>
                  <div class="stack-trace">org.openqa.selenium.NoSuchElementException: no such element: Unable to locate element: {&quot;method&quot;:&quot;xpath&quot;,&quot;selector&quot;:&quot;//span[@class=&apos;B_NuCI&apos;]&quot;}
  (Session info: MicrosoftEdge=104.0.1293.70)
For documentation on this error, please visit: https://selenium.dev/exceptions/#no_such_element
Build info: version: &apos;4.3.0&apos;, revision: &apos;a4995e2c09*&apos;
System info: host: &apos;DESKTOP-E7FOCSH&apos;, ip: &apos;192.168.0.107&apos;, os.name: &apos;Windows 10&apos;, os.arch: &apos;amd64&apos;, os.version: &apos;10.0&apos;, java.version: &apos;17&apos;
Driver info: org.openqa.selenium.edge.EdgeDriver
Command: [ca107094b17097aa5bbed702bad86234, findElement {using=xpath, value=//span[@class=&apos;B_NuCI&apos;]}]
Capabilities {acceptInsecureCerts: false, browserName: msedge, browserVersion: 104.0.1293.70, ms:edgeOptions: {debuggerAddress: localhost:49551}, msedge: {msedgedriverVersion: 103.0.1264.1 (8a5f8f9a1918d..., userDataDir: C:\Users\User\AppData\Local...}, networkConnectionEnabled: false, pageLoadStrategy: normal, platformName: WINDOWS, proxy: Proxy(), se:cdp: ws://localhost:49551/devtoo..., se:cdpVersion: 104.0.1293.70, setWindowRect: true, strictFileInteractability: false, timeouts: {implicit: 0, pageLoad: 300000, script: 30000}, unhandledPromptBehavior: dismiss and notify, webauthn:extension:credBlob: true, webauthn:extension:largeBlob: true, webauthn:virtualAuthenticators: true}
Session ID: ca107094b17097aa5bbed702bad86234
	at org.openqa.selenium.remote.codec.w3c.W3CHttpResponseCodec.createException(W3CHttpResponseCodec.java:200)
	at org.openqa.selenium.remote.codec.w3c.W3CHttpResponseCodec.decode(W3CHttpResponseCodec.java:133)
	at org.openqa.selenium.remote.codec.w3c.W3CHttpResponseCodec.decode(W3CHttpResponseCodec.java:53)
	at org.openqa.selenium.remote.HttpCommandExecutor.execute(HttpCommandExecutor.java:184)
	at org.openqa.selenium.remote.service.DriverCommandExecutor.invokeExecute(DriverCommandExecutor.java:167)
	at org.openqa.selenium.remote.service.DriverCommandExecutor.execute(DriverCommandExecutor.java:142)
	at org.openqa.selenium.remote.RemoteWebDriver.execute(RemoteWebDriver.java:569)
	at org.openqa.selenium.remote.ElementLocation$ElementFinder$2.findElement(ElementLocation.java:162)
	at org.openqa.selenium.remote.ElementLocation.findElement(ElementLocation.java:60)
	at org.openqa.selenium.remote.RemoteWebDriver.findElement(RemoteWebDriver.java:387)
	at org.openqa.selenium.remote.RemoteWebDriver.findElement(RemoteWebDriver.java:379)
	at org.openqa.selenium.support.pagefactory.DefaultElementLocator.findElement(DefaultElementLocator.java:70)
	at org.openqa.selenium.support.pagefactory.internal.LocatingElementHandler.invoke(LocatingElementHandler.java:39)
	at jdk.proxy2/jdk.proxy2.$Proxy17.getText(Unknown Source)
	at com.qa.Pages.ProductSpecificationPage.get_First_Product_Name(ProductSpecificationPage.java:77)
	at com.qa.Test.ProductSpecificationPageTest.TC007_Verify_That_When_User_Clicks_On_Go_To_Cart_The_Product_Should_Be_Add_Into_Cart(ProductSpecificationPageTest.java:64)
	at java.base/java.util.ArrayList.forEach(ArrayList.java:1511)
... Removed 32 stack frames
</div> <!-- stack-trace -->
                </div> <!-- method-content -->
              </div> <!-- method -->
              <div class="method">
                <div class="method-content">
                  <a name="TC008_verify_That_When_User_Clicks_On_Buy_Now_button_Then_User_Land_On_Checkout_And_Payments_Page">
                  </a> <!-- TC008_verify_That_When_User_Clicks_On_Buy_Now_button_Then_User_Land_On_Checkout_And_Payments_Page -->
                  <span class="method-name">TC008_verify_That_When_User_Clicks_On_Buy_Now_button_Then_User_Land_On_Checkout_And_Payments_Page</span>
                  <div class="stack-trace">java.lang.AssertionError: The following asserts failed:
	expected [Flipkart.com: Secure Payment: Login &gt; Select Shipping Address &gt; Review Order &gt; Place Order] but found [PUMA Printed Men Round Neck Green T-Shirt - Buy PUMA Printed Men Round Neck Green T-Shirt Online at Best Prices in India | Flipkart.com]
	at com.qa.Test.ProductSpecificationPageTest.TC008_verify_That_When_User_Clicks_On_Buy_Now_button_Then_User_Land_On_Checkout_And_Payments_Page(ProductSpecificationPageTest.java:103)
	at java.base/java.util.ArrayList.forEach(ArrayList.java:1511)
... Removed 29 stack frames
</div> <!-- stack-trace -->
                </div> <!-- method-content -->
              </div> <!-- method -->
            </div> <!-- main-panel-content rounded-window-bottom -->
          </div> <!-- suite-Failed_suite__Suite_-class-skipped -->
          <div class="suite-Failed_suite__Suite_-class-passed">
            <div class="main-panel-header rounded-window-top">
              <img src="passed.png"/>
              <span class="class-name">com.qa.Test.CheckoutAndPaymentsPageTest</span>
            </div> <!-- main-panel-header rounded-window-top -->
            <div class="main-panel-content rounded-window-bottom">
              <div class="method">
                <div class="method-content">
                  <a name="TC002_verify_That_Delivery_Address_Details_Should_Be_Displayed_And_User_Able_To_Select_One_Delivery_Address">
                  </a> <!-- TC002_verify_That_Delivery_Address_Details_Should_Be_Displayed_And_User_Able_To_Select_One_Delivery_Address -->
                  <span class="method-name">TC002_verify_That_Delivery_Address_Details_Should_Be_Displayed_And_User_Able_To_Select_One_Delivery_Address</span>
                </div> <!-- method-content -->
              </div> <!-- method -->
            </div> <!-- main-panel-content rounded-window-bottom -->
          </div> <!-- suite-Failed_suite__Suite_-class-passed -->
          <div class="suite-Failed_suite__Suite_-class-passed">
            <div class="main-panel-header rounded-window-top">
              <img src="passed.png"/>
              <span class="class-name">com.qa.Test.ProductSpecificationPageTest</span>
            </div> <!-- main-panel-header rounded-window-top -->
            <div class="main-panel-content rounded-window-bottom">
              <div class="method">
                <div class="method-content">
                  <a name="TC001_verify_That_Images_Of_Product_Are_Displayed_Correctly">
                  </a> <!-- TC001_verify_That_Images_Of_Product_Are_Displayed_Correctly -->
                  <span class="method-name">TC001_verify_That_Images_Of_Product_Are_Displayed_Correctly</span>
                </div> <!-- method-content -->
              </div> <!-- method -->
            </div> <!-- main-panel-content rounded-window-bottom -->
          </div> <!-- suite-Failed_suite__Suite_-class-passed -->
        </div> <!-- panel Failed_suite__Suite_ -->
        <div panel-name="test-xml-Failed_suite__Suite_" class="panel">
          <div class="main-panel-header rounded-window-top">
            <span class="header-content">C:\Users\User\eclipse-workspace\AutomationFramework\test-output\testng-failed.xml</span>
          </div> <!-- main-panel-header rounded-window-top -->
          <div class="main-panel-content rounded-window-bottom">
            <pre>
&lt;?xml version=&quot;1.0&quot; encoding=&quot;UTF-8&quot;?&gt;
&lt;!DOCTYPE suite SYSTEM &quot;https://testng.org/testng-1.0.dtd&quot;&gt;
&lt;suite name=&quot;Failed suite [Suite]&quot; guice-stage=&quot;DEVELOPMENT&quot;&gt;
  &lt;listeners&gt;
    &lt;listener class-name=&quot;com.qa.Utility.Listnerclass&quot;/&gt;
  &lt;/listeners&gt;
  &lt;test thread-count=&quot;5&quot; name=&quot;Test(failed)&quot;&gt;
    &lt;classes&gt;
      &lt;class name=&quot;com.qa.Test.SearchResultPageTest&quot;&gt;
        &lt;methods&gt;
          &lt;include name=&quot;close&quot;/&gt;
          &lt;include name=&quot;TC00_verify_That_User_Able_to_Apply_Filters_on_Serch_Product&quot;/&gt;
          &lt;include name=&quot;setUp&quot;/&gt;
        &lt;/methods&gt;
      &lt;/class&gt; &lt;!-- com.qa.Test.SearchResultPageTest --&gt;
      &lt;class name=&quot;com.qa.Test.CheckoutAndPaymentsPageTest&quot;&gt;
        &lt;methods&gt;
          &lt;include name=&quot;TC001_verify_That_Valid_Account_Holder_Name_Displyed_Under_Login&quot;/&gt;
          &lt;include name=&quot;close&quot;/&gt;
          &lt;include name=&quot;TC002_verify_That_Delivery_Address_Details_Should_Be_Displayed_And_User_Able_To_Select_One_Delivery_Address&quot;/&gt;
          &lt;include name=&quot;setUp&quot;/&gt;
        &lt;/methods&gt;
      &lt;/class&gt; &lt;!-- com.qa.Test.CheckoutAndPaymentsPageTest --&gt;
      &lt;class name=&quot;com.qa.Test.ProductSpecificationPageTest&quot;&gt;
        &lt;methods&gt;
          &lt;include name=&quot;TC001_verify_That_Images_Of_Product_Are_Displayed_Correctly&quot;/&gt;
          &lt;include name=&quot;TC007_Verify_That_When_User_Clicks_On_Go_To_Cart_The_Product_Should_Be_Add_Into_Cart&quot;/&gt;
          &lt;include name=&quot;close&quot;/&gt;
          &lt;include name=&quot;TC008_verify_That_When_User_Clicks_On_Buy_Now_button_Then_User_Land_On_Checkout_And_Payments_Page&quot;/&gt;
          &lt;include name=&quot;setUp&quot;/&gt;
        &lt;/methods&gt;
      &lt;/class&gt; &lt;!-- com.qa.Test.ProductSpecificationPageTest --&gt;
      &lt;class name=&quot;com.qa.Test.CartPageTest&quot;&gt;
        &lt;methods&gt;
          &lt;include name=&quot;TC001_verify_That_Item_Quantity_Should_Be_Increased_If_user_click_On_Increase_Button&quot;/&gt;
          &lt;include name=&quot;TC007_verify_That_User_Should_Able_To_Ckick_On_Place_Order_Button_And_Redirect_On_Checkout_And_Payments_Page&quot;/&gt;
          &lt;include name=&quot;close&quot;/&gt;
          &lt;include name=&quot;setUp&quot;/&gt;
        &lt;/methods&gt;
      &lt;/class&gt; &lt;!-- com.qa.Test.CartPageTest --&gt;
    &lt;/classes&gt;
  &lt;/test&gt; &lt;!-- Test(failed) --&gt;
&lt;/suite&gt; &lt;!-- Failed suite [Suite] --&gt;
            </pre>
          </div> <!-- main-panel-content rounded-window-bottom -->
        </div> <!-- panel -->
        <div panel-name="testlist-Failed_suite__Suite_" class="panel">
          <div class="main-panel-header rounded-window-top">
            <span class="header-content">Tests for Failed suite [Suite]</span>
          </div> <!-- main-panel-header rounded-window-top -->
          <div class="main-panel-content rounded-window-bottom">
            <ul>
              <li>
                <span class="test-name">Test(failed) (4 classes)</span>
              </li>
            </ul>
          </div> <!-- main-panel-content rounded-window-bottom -->
        </div> <!-- panel -->
        <div panel-name="group-Failed_suite__Suite_" class="panel">
          <div class="main-panel-header rounded-window-top">
            <span class="header-content">Groups for Failed suite [Suite]</span>
          </div> <!-- main-panel-header rounded-window-top -->
          <div class="main-panel-content rounded-window-bottom">
          </div> <!-- main-panel-content rounded-window-bottom -->
        </div> <!-- panel -->
        <div panel-name="times-Failed_suite__Suite_" class="panel">
          <div class="main-panel-header rounded-window-top">
            <span class="header-content">Times for Failed suite [Suite]</span>
          </div> <!-- main-panel-header rounded-window-top -->
          <div class="main-panel-content rounded-window-bottom">
            <div class="times-div">
              <script type="text/javascript">
suiteTableInitFunctions.push('tableData_Failed_suite__Suite_');
function tableData_Failed_suite__Suite_() {
var data = new google.visualization.DataTable();
data.addColumn('number', 'Number');
data.addColumn('string', 'Method');
data.addColumn('string', 'Class');
data.addColumn('number', 'Time (ms)');
data.addRows(12);
data.setCell(0, 0, 0)
data.setCell(0, 1, 'TC001_verify_That_Valid_Account_Holder_Name_Displyed_Under_Login')
data.setCell(0, 2, 'com.qa.Test.CheckoutAndPaymentsPageTest')
data.setCell(0, 3, 27958);
data.setCell(1, 0, 1)
data.setCell(1, 1, 'TC002_verify_That_Delivery_Address_Details_Should_Be_Displayed_And_User_Able_To_Select_One_Delivery_Address')
data.setCell(1, 2, 'com.qa.Test.CheckoutAndPaymentsPageTest')
data.setCell(1, 3, 23014);
data.setCell(2, 0, 2)
data.setCell(2, 1, 'TC007_Verify_That_When_User_Clicks_On_Go_To_Cart_The_Product_Should_Be_Add_Into_Cart')
data.setCell(2, 2, 'com.qa.Test.ProductSpecificationPageTest')
data.setCell(2, 3, 17333);
data.setCell(3, 0, 3)
data.setCell(3, 1, 'TC001_verify_That_Item_Quantity_Should_Be_Increased_If_user_click_On_Increase_Button')
data.setCell(3, 2, 'com.qa.Test.CartPageTest')
data.setCell(3, 3, 17277);
data.setCell(4, 0, 4)
data.setCell(4, 1, 'TC001_verify_That_Item_Quantity_Should_Be_Increased_If_user_click_On_Increase_Button')
data.setCell(4, 2, 'com.qa.Test.CartPageTest')
data.setCell(4, 3, 16705);
data.setCell(5, 0, 5)
data.setCell(5, 1, 'TC007_Verify_That_When_User_Clicks_On_Go_To_Cart_The_Product_Should_Be_Add_Into_Cart')
data.setCell(5, 2, 'com.qa.Test.ProductSpecificationPageTest')
data.setCell(5, 3, 16496);
data.setCell(6, 0, 6)
data.setCell(6, 1, 'TC008_verify_That_When_User_Clicks_On_Buy_Now_button_Then_User_Land_On_Checkout_And_Payments_Page')
data.setCell(6, 2, 'com.qa.Test.ProductSpecificationPageTest')
data.setCell(6, 3, 16121);
data.setCell(7, 0, 7)
data.setCell(7, 1, 'TC007_verify_That_User_Should_Able_To_Ckick_On_Place_Order_Button_And_Redirect_On_Checkout_And_Payments_Page')
data.setCell(7, 2, 'com.qa.Test.CartPageTest')
data.setCell(7, 3, 16001);
data.setCell(8, 0, 8)
data.setCell(8, 1, 'TC007_verify_That_User_Should_Able_To_Ckick_On_Place_Order_Button_And_Redirect_On_Checkout_And_Payments_Page')
data.setCell(8, 2, 'com.qa.Test.CartPageTest')
data.setCell(8, 3, 15928);
data.setCell(9, 0, 9)
data.setCell(9, 1, 'TC008_verify_That_When_User_Clicks_On_Buy_Now_button_Then_User_Land_On_Checkout_And_Payments_Page')
data.setCell(9, 2, 'com.qa.Test.ProductSpecificationPageTest')
data.setCell(9, 3, 15306);
data.setCell(10, 0, 10)
data.setCell(10, 1, 'TC001_verify_That_Images_Of_Product_Are_Displayed_Correctly')
data.setCell(10, 2, 'com.qa.Test.ProductSpecificationPageTest')
data.setCell(10, 3, 12407);
data.setCell(11, 0, 11)
data.setCell(11, 1, 'TC00_verify_That_User_Able_to_Apply_Filters_on_Serch_Product')
data.setCell(11, 2, 'com.qa.Test.SearchResultPageTest')
data.setCell(11, 3, 10903);
window.suiteTableData['Failed_suite__Suite_']= { tableData: data, tableDiv: 'times-div-Failed_suite__Suite_'}
return data;
}
              </script>
              <span class="suite-total-time">Total running time: 3 minutes</span>
              <div id="times-div-Failed_suite__Suite_">
              </div> <!-- times-div-Failed_suite__Suite_ -->
            </div> <!-- times-div -->
          </div> <!-- main-panel-content rounded-window-bottom -->
        </div> <!-- panel -->
        <div panel-name="reporter-Failed_suite__Suite_" class="panel">
          <div class="main-panel-header rounded-window-top">
            <span class="header-content">Reporter output for Failed suite [Suite]</span>
          </div> <!-- main-panel-header rounded-window-top -->
          <div class="main-panel-content rounded-window-bottom">
          </div> <!-- main-panel-content rounded-window-bottom -->
        </div> <!-- panel -->
        <div panel-name="ignored-methods-Failed_suite__Suite_" class="panel">
          <div class="main-panel-header rounded-window-top">
            <span class="header-content">5 ignored methods</span>
          </div> <!-- main-panel-header rounded-window-top -->
          <div class="main-panel-content rounded-window-bottom">
            <div class="ignored-class-div">
              <span class="ignored-class-name">com.qa.Test.CartPageTest</span>
              <div class="ignored-methods-div">
                <span class="ignored-method-name">TC005_verify_That_When_User_Clicks_On_Remove_Button_The_Item_Should_Be_Removed_From_Cart</span>
                <br/>
                <span class="ignored-method-name">TC002_verify_That_Total_Amount_Of_All_Items_Should_Be_displayed_to_user</span>
                <br/>
              </div> <!-- ignored-methods-div -->
            </div> <!-- ignored-class-div -->
            <div class="ignored-class-div">
              <span class="ignored-class-name">com.qa.Test.CheckoutAndPaymentsPageTest</span>
              <div class="ignored-methods-div">
                <span class="ignored-method-name">TC003_Verify_That_Order_Summary_Having_Same_Product_Wich_Available_In_Cart_Page</span>
                <br/>
              </div> <!-- ignored-methods-div -->
            </div> <!-- ignored-class-div -->
            <div class="ignored-class-div">
              <span class="ignored-class-name">com.qa.Test.SearchResultPageTest</span>
              <div class="ignored-methods-div">
                <span class="ignored-method-name">verify_That_Filters_Options_Should_Be_Present_On_Search_Results_Page</span>
                <br/>
                <span class="ignored-method-name">TC009_verify_That_When_User_Clicks_On_Any_Product_User_Should_Be_Redirected_To_Product_Specification_Page</span>
                <br/>
              </div> <!-- ignored-methods-div -->
            </div> <!-- ignored-class-div -->
          </div> <!-- main-panel-content rounded-window-bottom -->
        </div> <!-- panel -->
        <div panel-name="chronological-Failed_suite__Suite_" class="panel">
          <div class="main-panel-header rounded-window-top">
            <span class="header-content">Methods in chronological order</span>
          </div> <!-- main-panel-header rounded-window-top -->
          <div class="main-panel-content rounded-window-bottom">
            <div class="chronological-class">
              <div class="chronological-class-name">com.qa.Test.SearchResultPageTest</div> <!-- chronological-class-name -->
              <div class="configuration-method before">
                <span class="method-name">setUp</span>
                <span class="method-start">0 ms</span>
              </div> <!-- configuration-method before -->
              <div class="test-method">
                <img src="failed.png">
                </img>
                <span class="method-name">TC00_verify_That_User_Able_to_Apply_Filters_on_Serch_Product</span>
                <span class="method-start">11353 ms</span>
              </div> <!-- test-method -->
              <div class="configuration-method after">
                <span class="method-name">close</span>
                <span class="method-start">23038 ms</span>
              </div> <!-- configuration-method after -->
            </div> <!-- chronological-class -->
            <div class="chronological-class">
              <div class="chronological-class-name">com.qa.Test.CheckoutAndPaymentsPageTest</div> <!-- chronological-class-name -->
              <div class="configuration-method before">
                <span class="method-name">setUp</span>
                <span class="method-start">23684 ms</span>
              </div> <!-- configuration-method before -->
              <div class="test-method">
                <img src="failed.png">
                </img>
                <span class="method-name">TC001_verify_That_Valid_Account_Holder_Name_Displyed_Under_Login</span>
                <span class="method-start">35121 ms</span>
              </div> <!-- test-method -->
              <div class="configuration-method after">
                <span class="method-name">close</span>
                <span class="method-start">63399 ms</span>
              </div> <!-- configuration-method after -->
              <div class="configuration-method before">
                <span class="method-name">setUp</span>
                <span class="method-start">63981 ms</span>
              </div> <!-- configuration-method before -->
              <div class="test-method">
                <span class="method-name">TC002_verify_That_Delivery_Address_Details_Should_Be_Displayed_And_User_Able_To_Select_One_Delivery_Address</span>
                <span class="method-start">73328 ms</span>
              </div> <!-- test-method -->
              <div class="configuration-method after">
                <span class="method-name">close</span>
                <span class="method-start">96343 ms</span>
              </div> <!-- configuration-method after -->
            </div> <!-- chronological-class -->
            <div class="chronological-class">
              <div class="chronological-class-name">com.qa.Test.ProductSpecificationPageTest</div> <!-- chronological-class-name -->
              <div class="configuration-method before">
                <span class="method-name">setUp</span>
                <span class="method-start">96876 ms</span>
              </div> <!-- configuration-method before -->
              <div class="test-method">
                <span class="method-name">TC001_verify_That_Images_Of_Product_Are_Displayed_Correctly</span>
                <span class="method-start">106106 ms</span>
              </div> <!-- test-method -->
              <div class="configuration-method after">
                <span class="method-name">close</span>
                <span class="method-start">118515 ms</span>
              </div> <!-- configuration-method after -->
              <div class="configuration-method before">
                <span class="method-name">setUp</span>
                <span class="method-start">119077 ms</span>
              </div> <!-- configuration-method before -->
              <div class="test-method">
                <span class="method-name">TC007_Verify_That_When_User_Clicks_On_Go_To_Cart_The_Product_Should_Be_Add_Into_Cart</span>
                <span class="method-start">129966 ms</span>
              </div> <!-- test-method -->
              <div class="configuration-method after">
                <span class="method-name">close</span>
                <span class="method-start">146465 ms</span>
              </div> <!-- configuration-method after -->
              <div class="configuration-method before">
                <span class="method-name">setUp</span>
                <span class="method-start">147052 ms</span>
              </div> <!-- configuration-method before -->
              <div class="test-method">
                <img src="failed.png">
                </img>
                <span class="method-name">TC007_Verify_That_When_User_Clicks_On_Go_To_Cart_The_Product_Should_Be_Add_Into_Cart</span>
                <span class="method-start">170506 ms</span>
              </div> <!-- test-method -->
              <div class="configuration-method after">
                <span class="method-name">close</span>
                <span class="method-start">188322 ms</span>
              </div> <!-- configuration-method after -->
              <div class="configuration-method before">
                <span class="method-name">setUp</span>
                <span class="method-start">188828 ms</span>
              </div> <!-- configuration-method before -->
              <div class="test-method">
                <span class="method-name">TC008_verify_That_When_User_Clicks_On_Buy_Now_button_Then_User_Land_On_Checkout_And_Payments_Page</span>
                <span class="method-start">195998 ms</span>
              </div> <!-- test-method -->
              <div class="configuration-method after">
                <span class="method-name">close</span>
                <span class="method-start">212124 ms</span>
              </div> <!-- configuration-method after -->
              <div class="configuration-method before">
                <span class="method-name">setUp</span>
                <span class="method-start">212611 ms</span>
              </div> <!-- configuration-method before -->
              <div class="test-method">
                <img src="failed.png">
                </img>
                <span class="method-name">TC008_verify_That_When_User_Clicks_On_Buy_Now_button_Then_User_Land_On_Checkout_And_Payments_Page</span>
                <span class="method-start">227440 ms</span>
              </div> <!-- test-method -->
              <div class="configuration-method after">
                <span class="method-name">close</span>
                <span class="method-start">243301 ms</span>
              </div> <!-- configuration-method after -->
            </div> <!-- chronological-class -->
            <div class="chronological-class">
              <div class="chronological-class-name">com.qa.Test.CartPageTest</div> <!-- chronological-class-name -->
              <div class="configuration-method before">
                <span class="method-name">setUp</span>
                <span class="method-start">243818 ms</span>
              </div> <!-- configuration-method before -->
              <div class="test-method">
                <span class="method-name">TC001_verify_That_Item_Quantity_Should_Be_Increased_If_user_click_On_Increase_Button</span>
                <span class="method-start">264945 ms</span>
              </div> <!-- test-method -->
              <div class="configuration-method after">
                <span class="method-name">close</span>
                <span class="method-start">282226 ms</span>
              </div> <!-- configuration-method after -->
              <div class="configuration-method before">
                <span class="method-name">setUp</span>
                <span class="method-start">282725 ms</span>
              </div> <!-- configuration-method before -->
              <div class="test-method">
                <img src="failed.png">
                </img>
                <span class="method-name">TC001_verify_That_Item_Quantity_Should_Be_Increased_If_user_click_On_Increase_Button</span>
                <span class="method-start">291619 ms</span>
              </div> <!-- test-method -->
              <div class="configuration-method after">
                <span class="method-name">close</span>
                <span class="method-start">308776 ms</span>
              </div> <!-- configuration-method after -->
              <div class="configuration-method before">
                <span class="method-name">setUp</span>
                <span class="method-start">309271 ms</span>
              </div> <!-- configuration-method before -->
              <div class="test-method">
                <span class="method-name">TC007_verify_That_User_Should_Able_To_Ckick_On_Place_Order_Button_And_Redirect_On_Checkout_And_Payments_Page</span>
                <span class="method-start">315611 ms</span>
              </div> <!-- test-method -->
              <div class="configuration-method after">
                <span class="method-name">close</span>
                <span class="method-start">331555 ms</span>
              </div> <!-- configuration-method after -->
              <div class="configuration-method before">
                <span class="method-name">setUp</span>
                <span class="method-start">332096 ms</span>
              </div> <!-- configuration-method before -->
              <div class="test-method">
                <img src="failed.png">
                </img>
                <span class="method-name">TC007_verify_That_User_Should_Able_To_Ckick_On_Place_Order_Button_And_Redirect_On_Checkout_And_Payments_Page</span>
                <span class="method-start">344157 ms</span>
              </div> <!-- test-method -->
              <div class="configuration-method after">
                <span class="method-name">close</span>
                <span class="method-start">360648 ms</span>
              </div> <!-- configuration-method after -->
          </div> <!-- main-panel-content rounded-window-bottom -->
        </div> <!-- panel -->
      </div> <!-- main-panel-root -->
    </div> <!-- wrapper -->
  </body>
<script type="text/javascript" src="testng-reports2.js"></script>
</html>
